C:\Program Files (x86)\Microsoft Visual Studio\2019\Community\MSBuild\Microsoft\VC\v160\Microsoft.CppBuild.targets(499,5): warning MSB8004: Output 目錄結尾不是結尾斜線。這個建置執行個體將會加入此斜線，因為這樣才能正確評估 Output 目錄。
  pch.cpp
  dllmain.cpp
  Function_01.cpp
C:\Users\adamk\OneDrive\桌面\image_appv1.0\Function_01\Function_01.cpp(1): warning C4603: '_CRT_SECURE_NO_WARNINGS': 巨集未定義，或是定義在使用先行編譯標頭後變成不同
C:\Users\adamk\OneDrive\桌面\image_appv1.0\Function_01\Function_01.cpp(1): message : 新增巨集到先行編譯標頭，而不要在此處定義
C:\Users\adamk\OneDrive\桌面\image_appv1.0\Function_01\Function_01.cpp(3): message : 使用先行編譯標頭
C:\opencv\build\include\opencv2\core.hpp(1744,1): warning C4819: 檔案含有無法在目前字碼頁 (950) 中表示的字元。請以 Unicode 格式儲存檔案以防止資料遺失
C:\opencv\build\include\opencv2\core.hpp(1744,1): warning C4819: 檔案含有無法在目前字碼頁 (950) 中表示的字元。請以 Unicode 格式儲存檔案以防止資料遺失
C:\opencv\build\include\opencv2\core.hpp(1744,1): warning C4819: 檔案含有無法在目前字碼頁 (950) 中表示的字元。請以 Unicode 格式儲存檔案以防止資料遺失
C:\opencv\build\include\opencv2\calib3d.hpp(1,1): warning C4819: 檔案含有無法在目前字碼頁 (950) 中表示的字元。請以 Unicode 格式儲存檔案以防止資料遺失
C:\Users\adamk\OneDrive\桌面\image_appv1.0\Function_01\Function_01.h(21,2): warning C4091: '__declspec(dllexport)': 當沒有宣告變數時，忽略 'ImgData' 的左方
C:\Users\adamk\OneDrive\桌面\image_appv1.0\Function_01\Function_01.h(30,2): warning C4091: '__declspec(dllexport)': 當沒有宣告變數時，忽略 'TextInfo' 的左方
C:\Users\adamk\OneDrive\桌面\image_appv1.0\Function_01\Function_01.h(35,2): warning C4091: '__declspec(dllexport)': 當沒有宣告變數時，忽略 'Coordination' 的左方
C:\Users\adamk\OneDrive\桌面\image_appv1.0\Function_01\Function_01.cpp(113,43): warning C4244: '引數': 將 'double' 轉換為 '_Tp'，由於類型不同，可能導致資料遺失
          with
          [
              _Tp=float
          ]
C:\Users\adamk\OneDrive\桌面\image_appv1.0\Function_01\Function_01.cpp(113,27): warning C4244: '引數': 將 'double' 轉換為 '_Tp'，由於類型不同，可能導致資料遺失
          with
          [
              _Tp=float
          ]
C:\Users\adamk\OneDrive\桌面\image_appv1.0\Function_01\Function_01.cpp(242,19): warning C4244: '正在初始化': 將 'double' 轉換為 'float'，由於類型不同，可能導致資料遺失
C:\Users\adamk\OneDrive\桌面\image_appv1.0\Function_01\Function_01.cpp(329,43): warning C4244: '引數': 將 'double' 轉換為 '_Tp'，由於類型不同，可能導致資料遺失
          with
          [
              _Tp=float
          ]
C:\Users\adamk\OneDrive\桌面\image_appv1.0\Function_01\Function_01.cpp(329,27): warning C4244: '引數': 將 'double' 轉換為 '_Tp'，由於類型不同，可能導致資料遺失
          with
          [
              _Tp=float
          ]
C:\Users\adamk\OneDrive\桌面\image_appv1.0\Function_01\Function_01.cpp(481,33): warning C4244: '=': 將 'double' 轉換為 '_Tp'，由於類型不同，可能導致資料遺失
          with
          [
              _Tp=uchar
          ]
C:\Users\adamk\OneDrive\桌面\image_appv1.0\Function_01\Function_01.cpp(482,33): warning C4244: '=': 將 'double' 轉換為 '_Tp'，由於類型不同，可能導致資料遺失
          with
          [
              _Tp=uchar
          ]
C:\Users\adamk\OneDrive\桌面\image_appv1.0\Function_01\Function_01.cpp(483,33): warning C4244: '=': 將 'double' 轉換為 '_Tp'，由於類型不同，可能導致資料遺失
          with
          [
              _Tp=uchar
          ]
C:\Users\adamk\OneDrive\桌面\image_appv1.0\Function_01\Function_01.cpp(551,44): warning C4190: 'byteToMat' 已指定 C-連結，但傳回與 C 不相容的 UDT 'cv::Mat'
C:\opencv\build\include\opencv2\core\mat.hpp(810): message : 請參閱 'cv::Mat' 的宣告
  正在產生程式碼...
C:\Users\adamk\OneDrive\桌面\image_appv1.0\Function_01\Function_01.cpp(338): warning C4715: 'rotateImg': 不是所有控制路徑都傳回值
     正在建立程式庫 ..\image_appv1.0\bin\Debug\net5.0-windows\Function_01.lib 和物件 ..\image_appv1.0\bin\Debug\net5.0-windows\Function_01.exp
  Function_01.vcxproj -> C:\Users\adamk\OneDrive\桌面\image_appv1.0\image_appv1.0\bin\Debug\net5.0-windows\Function_01.dll
