c:\users\adamk\source\repos\image_appv1.0\function_01\x64\debug\function_01.pch
c:\users\adamk\source\repos\image_appv1.0\function_01\x64\debug\vc142.pdb
c:\users\adamk\source\repos\image_appv1.0\function_01\x64\debug\vc142.idb
c:\users\adamk\source\repos\image_appv1.0\function_01\x64\debug\pch.obj
c:\users\adamk\source\repos\image_appv1.0\function_01\x64\debug\function_01.obj
c:\users\adamk\source\repos\image_appv1.0\function_01\x64\debug\dllmain.obj
c:\users\adamk\source\repos\image_appv1.0\image_appv1.0\bin\debug\net5.0-windows\function_01.lib
c:\users\adamk\source\repos\image_appv1.0\image_appv1.0\bin\debug\net5.0-windows\function_01.exp
c:\users\adamk\source\repos\image_appv1.0\image_appv1.0\bin\debug\net5.0-windows\function_01.dll
c:\users\adamk\source\repos\image_appv1.0\function_01\x64\debug\function_01.ilk
c:\users\adamk\source\repos\image_appv1.0\image_appv1.0\bin\debug\net5.0-windows\function_01.pdb
c:\users\adamk\source\repos\image_appv1.0\function_01\x64\debug\function_01.tlog\cl.command.1.tlog
c:\users\adamk\source\repos\image_appv1.0\function_01\x64\debug\function_01.tlog\cl.read.1.tlog
c:\users\adamk\source\repos\image_appv1.0\function_01\x64\debug\function_01.tlog\cl.write.1.tlog
c:\users\adamk\source\repos\image_appv1.0\function_01\x64\debug\function_01.tlog\function_01.write.1u.tlog
c:\users\adamk\source\repos\image_appv1.0\function_01\x64\debug\function_01.tlog\link.50536.delete.1.tlog
c:\users\adamk\source\repos\image_appv1.0\function_01\x64\debug\function_01.tlog\link.command.1.tlog
c:\users\adamk\source\repos\image_appv1.0\function_01\x64\debug\function_01.tlog\link.delete.1.tlog
c:\users\adamk\source\repos\image_appv1.0\function_01\x64\debug\function_01.tlog\link.read.1.tlog
c:\users\adamk\source\repos\image_appv1.0\function_01\x64\debug\function_01.tlog\link.write.1.tlog
